[debug] [2020-08-02T16:16:36.117Z] ----------------------------------------------------------------------
[debug] [2020-08-02T16:16:36.153Z] Command:       C:\ProgramData\Applications\nodejs\node.exe C:\ProgramData\Applications\nodejs\node_modules\firebase-tools\lib\bin\firebase.js init
[debug] [2020-08-02T16:16:36.153Z] CLI Version:   8.6.0
[debug] [2020-08-02T16:16:36.153Z] Platform:      win32
[debug] [2020-08-02T16:16:36.153Z] Node Version:  v12.17.0
[debug] [2020-08-02T16:16:36.292Z] Time:          Sun Aug 02 2020 21:46:36 GMT+0530 (India Standard Time)
[debug] [2020-08-02T16:16:36.293Z] ----------------------------------------------------------------------
[debug] [2020-08-02T16:16:36.293Z] 
[debug] [2020-08-02T16:16:36.431Z] > command requires scopes: ["email","openid","https://www.googleapis.com/auth/cloudplatformprojects.readonly","https://www.googleapis.com/auth/firebase","https://www.googleapis.com/auth/cloud-platform"]
[debug] [2020-08-02T16:16:36.432Z] > authorizing via signed-in user
[info] 
     ######## #### ########  ######## ########     ###     ######  ########
     ##        ##  ##     ## ##       ##     ##  ##   ##  ##       ##
     ######    ##  ########  ######   ########  #########  ######  ######
     ##        ##  ##    ##  ##       ##     ## ##     ##       ## ##
     ##       #### ##     ## ######## ########  ##     ##  ######  ########

You're about to initialize a Firebase project in this directory:

  C:\Users\187050\Desktop\ReactApp\portfolio-web

Before we get started, keep in mind:

  * You are initializing in an existing Firebase project directory

[info] 
=== Project Setup
[info] 
[info] First, let's associate this project directory with a Firebase project.
[info] You can create multiple project aliases by running firebase use --add, 
[info] but for now we'll just set up a default project.
[info] 
[info] i  .firebaserc already has a default project, using portfolio-web-60e7e. 
[debug] [2020-08-02T16:18:47.601Z] >>> HTTP REQUEST GET https://firebase.googleapis.com/v1beta1/projects/portfolio-web-60e7e  
 
[debug] [2020-08-02T16:18:48.823Z] <<< HTTP RESPONSE 200 {"content-type":"application/json; charset=UTF-8","vary":"X-Origin, Referer, Origin,Accept-Encoding","date":"Sun, 02 Aug 2020 16:18:48 GMT","server":"ESF","cache-control":"private","x-xss-protection":"0","x-frame-options":"SAMEORIGIN","x-content-type-options":"nosniff","alt-svc":"h3-29=\":443\"; ma=2592000,h3-27=\":443\"; ma=2592000,h3-T050=\":443\"; ma=2592000,h3-Q050=\":443\"; ma=2592000,h3-Q046=\":443\"; ma=2592000,h3-Q043=\":443\"; ma=2592000,quic=\":443\"; ma=2592000; v=\"46,43\"","accept-ranges":"none","transfer-encoding":"chunked"}
[info] 
=== Database Setup
[info] 
[info] Firebase Realtime Database Rules allow you to define how your data should be
[info] structured and when your data can be read from and written to.
[info] 
[info] +  Database Rules for  have been downloaded to database.rules.json. 
[info] Future modifications to database.rules.json will update Database Rules when you run
[info] firebase deploy.
[info] 
=== Hosting Setup
[info] 
[info] Your public directory is the folder (relative to your project directory) that
[info] will contain Hosting assets to be uploaded with firebase deploy. If you
[info] have a build process for your assets, use your build's output directory.
[info] 
[debug] [2020-08-02T16:19:17.755Z] >>> HTTP REQUEST GET https://www.gstatic.com/firebasejs/releases.json  
 
[debug] [2020-08-02T16:19:18.223Z] Error: unable to get local issuer certificate
    at TLSSocket.onConnectSecure (_tls_wrap.js:1496:34)
    at TLSSocket.emit (events.js:315:20)
    at TLSSocket.EventEmitter.emit (domain.js:482:12)
    at TLSSocket._finishInit (_tls_wrap.js:938:8)
    at TLSWrap.ssl.onhandshakedone (_tls_wrap.js:696:12)
[error] 
[error] Error: Server Error. unable to get local issuer certificate
